2025-04-04 03:46:07 - unified_memory - ERROR - Error adding memory: MediumTermMemory.create_objective() takes 2 positional arguments but 3 were given
2025-04-04 03:46:40 - unified_memory - ERROR - Error searching memory: 'Interaction' object is not subscriptable
2025-04-04 03:52:28 - unified_memory - INFO - Memory consolidation completed
2025-04-04 07:35:32 - unified_memory - INFO - Initializing UnifiedMemorySystem...
2025-04-04 07:38:35 - unified_memory - INFO - Initializing UnifiedMemorySystem...
2025-04-04 07:40:30 - unified_memory - INFO - Initializing UnifiedMemorySystem...
2025-04-04 07:41:27 - unified_memory - INFO - Initializing UnifiedMemorySystem...
2025-04-04 07:41:56 - unified_memory - INFO - Initializing UnifiedMemorySystem...
2025-04-04 07:42:21 - unified_memory - INFO - Initializing UnifiedMemorySystem...
2025-04-04 07:44:41 - unified_memory - INFO - Initializing UnifiedMemorySystem...
2025-04-04 07:45:23 - unified_memory - INFO - Initializing UnifiedMemorySystem...
2025-04-04 07:45:55 - unified_memory - INFO - Initializing UnifiedMemorySystem...
2025-04-04 07:46:23 - unified_memory - INFO - Initializing UnifiedMemorySystem...
2025-04-04 07:46:50 - unified_memory - INFO - Initializing UnifiedMemorySystem...
2025-04-04 07:46:50 - unified_memory - INFO - UnifiedMemorySystem initialized.
2025-04-04 07:47:11 - unified_memory - INFO - Initializing UnifiedMemorySystem...
2025-04-04 07:47:11 - unified_memory - INFO - UnifiedMemorySystem initialized.
2025-04-04 07:47:43 - unified_memory - INFO - Initializing UnifiedMemorySystem...
2025-04-04 07:47:43 - unified_memory - INFO - UnifiedMemorySystem initialized.
2025-04-04 07:51:27 - unified_memory - INFO - Initializing UnifiedMemorySystem...
2025-04-04 07:51:27 - unified_memory - INFO - UnifiedMemorySystem initialized.
